<?xml version="1.0" encoding="UTF-8"?>
<!-- Generated by org.testng.reporters.JUnitReportReporter -->
<testsuite hostname="EC2AMAZ-RDB8M3U" failures="0" tests="2" name="framework.tests.PlaceOrderTest" time="20.887" errors="0" timestamp="2024-06-13T08:31:11 UTC" skipped="0">
  <testcase classname="framework.tests.PlaceOrderTest" name="placeOrder" time="8.987"/>
  <testcase classname="framework.tests.PlaceOrderTest" name="placeOrder" time="11.900"/>
</testsuite> <!-- framework.tests.PlaceOrderTest -->
