<?xml version="1.0" encoding="UTF-8"?>
<!-- Generated by org.testng.reporters.JUnitReportReporter -->
<testsuite hostname="EC2AMAZ-RDB8M3U" failures="0" tests="2" name="framework.tests.PlaceOrderTest" time="21.046" errors="0" timestamp="2024-05-28T11:11:44 UTC" skipped="0">
  <testcase classname="framework.tests.PlaceOrderTest" name="placeOrder" time="9.537"/>
  <testcase classname="framework.tests.PlaceOrderTest" name="placeOrder" time="11.509"/>
</testsuite> <!-- framework.tests.PlaceOrderTest -->
