<?xml version="1.0" encoding="UTF-8"?>
<!-- Generated by org.testng.reporters.JUnitReportReporter -->
<testsuite hostname="EC2AMAZ-RDB8M3U" failures="0" tests="2" name="framework.tests.PlaceOrderTest" time="21.744" errors="0" timestamp="2024-05-31T05:16:07 UTC" skipped="0">
  <testcase classname="framework.tests.PlaceOrderTest" name="placeOrder" time="9.300"/>
  <testcase classname="framework.tests.PlaceOrderTest" name="placeOrder" time="12.444"/>
</testsuite> <!-- framework.tests.PlaceOrderTest -->
